2023-2월-15 10:06:00 INFO  [restartedMain] [org.springframework.boot.web.embedded.tomcat.TomcatWebServer] - Tomcat initialized with port(s): 9090 (http)
2023-2월-15 10:06:00 INFO  [restartedMain] [org.apache.juli.logging.DirectJDKLog] - Initializing ProtocolHandler ["http-nio-9090"]
2023-2월-15 10:06:00 INFO  [restartedMain] [org.apache.juli.logging.DirectJDKLog] - Starting service [Tomcat]
2023-2월-15 10:06:00 INFO  [restartedMain] [org.apache.juli.logging.DirectJDKLog] - Starting Servlet engine: [Apache Tomcat/9.0.71]
2023-2월-15 10:06:00 INFO  [restartedMain] [org.apache.juli.logging.DirectJDKLog] - Initializing Spring embedded WebApplicationContext
2023-2월-15 10:06:00 INFO  [restartedMain] [org.springframework.boot.web.servlet.context.ServletWebServerApplicationContext] - Root WebApplicationContext: initialization completed in 2459 ms
2023-2월-15 10:06:00 INFO  [restartedMain] [org.hibernate.jpa.internal.util.LogHelper] - HHH000204: Processing PersistenceUnitInfo [name: default]
2023-2월-15 10:06:00 INFO  [restartedMain] [org.hibernate.Version] - HHH000412: Hibernate ORM core version 5.6.14.Final
2023-2월-15 10:06:01 INFO  [restartedMain] [org.hibernate.annotations.common.reflection.java.JavaReflectionManager] - HCANN000001: Hibernate Commons Annotations {5.1.2.Final}
2023-2월-15 10:06:01 INFO  [restartedMain] [com.zaxxer.hikari.HikariDataSource] - HikariPool-1 - Starting...
2023-2월-15 10:06:01 INFO  [restartedMain] [com.zaxxer.hikari.HikariDataSource] - HikariPool-1 - Start completed.
2023-2월-15 10:06:01 INFO  [restartedMain] [org.hibernate.dialect.Dialect] - HHH000400: Using dialect: org.hibernate.dialect.MySQL8Dialect
2023-2월-15 10:06:03 INFO  [restartedMain] [org.hibernate.engine.transaction.jta.platform.internal.JtaPlatformInitiator] - HHH000490: Using JtaPlatform implementation: [org.hibernate.engine.transaction.jta.platform.internal.NoJtaPlatform]
2023-2월-15 10:06:03 INFO  [restartedMain] [org.springframework.orm.jpa.AbstractEntityManagerFactoryBean] - Initialized JPA EntityManagerFactory for persistence unit 'default'
2023-2월-15 10:06:04 INFO  [restartedMain] [net.bramp.ffmpeg.RunProcessFunction] - /C:/Users/SSAFY/Desktop/workspace/S08P12A101/BE/wedding101/out/production/resources/ffmpeg/bin/ffmpeg.exe -version
2023-2월-15 10:06:04 WARN  [restartedMain] [org.springframework.boot.autoconfigure.orm.jpa.JpaBaseConfiguration$JpaWebConfiguration] - spring.jpa.open-in-view is enabled by default. Therefore, database queries may be performed during view rendering. Explicitly configure spring.jpa.open-in-view to disable this warning
2023-2월-15 10:06:05 INFO  [restartedMain] [org.springframework.security.web.DefaultSecurityFilterChain] - Will secure any request with [org.springframework.security.web.session.DisableEncodeUrlFilter@1e3bdd7c, org.springframework.security.web.context.request.async.WebAsyncManagerIntegrationFilter@7e40ca55, org.springframework.security.web.context.SecurityContextPersistenceFilter@13df05fc, org.springframework.security.web.header.HeaderWriterFilter@659950a9, org.springframework.web.filter.CorsFilter@719bf8fb, org.springframework.security.web.authentication.logout.LogoutFilter@7163a251, com.ssafy.wedding101.filter.JwtAuthenticationFilter@13213f1, com.ssafy.wedding101.filter.JwtAuthorizationFilter@f2174c0, org.springframework.security.web.savedrequest.RequestCacheAwareFilter@5673b6a2, org.springframework.security.web.servletapi.SecurityContextHolderAwareRequestFilter@36b27072, org.springframework.security.web.authentication.AnonymousAuthenticationFilter@19f8f96d, org.springframework.security.web.session.SessionManagementFilter@20165a99, org.springframework.security.web.access.ExceptionTranslationFilter@1c096c55, org.springframework.security.web.access.intercept.FilterSecurityInterceptor@73be872a]
2023-2월-15 10:06:05 WARN  [restartedMain] [org.springframework.security.config.annotation.web.builders.WebSecurity] - You are asking Spring Security to ignore Ant [pattern='/swagger-ui/**']. This is not recommended -- please use permitAll via HttpSecurity#authorizeHttpRequests instead.
2023-2월-15 10:06:05 INFO  [restartedMain] [org.springframework.security.web.DefaultSecurityFilterChain] - Will not secure Ant [pattern='/swagger-ui/**']
2023-2월-15 10:06:05 WARN  [restartedMain] [org.springframework.security.config.annotation.web.builders.WebSecurity] - You are asking Spring Security to ignore Ant [pattern='/v3/api-docs/**']. This is not recommended -- please use permitAll via HttpSecurity#authorizeHttpRequests instead.
2023-2월-15 10:06:05 INFO  [restartedMain] [org.springframework.security.web.DefaultSecurityFilterChain] - Will not secure Ant [pattern='/v3/api-docs/**']
2023-2월-15 10:06:05 WARN  [restartedMain] [org.springframework.security.config.annotation.web.builders.WebSecurity] - You are asking Spring Security to ignore org.springframework.boot.autoconfigure.security.servlet.StaticResourceRequest$StaticResourceRequestMatcher@393361e6. This is not recommended -- please use permitAll via HttpSecurity#authorizeHttpRequests instead.
2023-2월-15 10:06:05 INFO  [restartedMain] [org.springframework.security.web.DefaultSecurityFilterChain] - Will not secure org.springframework.boot.autoconfigure.security.servlet.StaticResourceRequest$StaticResourceRequestMatcher@393361e6
2023-2월-15 10:06:05 INFO  [restartedMain] [org.springframework.boot.devtools.autoconfigure.OptionalLiveReloadServer] - LiveReload server is running on port 35729
2023-2월-15 10:06:05 INFO  [restartedMain] [org.apache.juli.logging.DirectJDKLog] - Starting ProtocolHandler ["http-nio-9090"]
2023-2월-15 10:06:05 INFO  [restartedMain] [org.springframework.boot.web.embedded.tomcat.TomcatWebServer] - Tomcat started on port(s): 9090 (http) with context path ''
2023-2월-15 10:06:05 INFO  [restartedMain] [org.springframework.boot.StartupInfoLogger] - Started Wedding101Application in 8.262 seconds (JVM running for 9.829)
2023-2월-15 10:06:07 INFO  [http-nio-9090-exec-2] [org.apache.juli.logging.DirectJDKLog] - Initializing Spring DispatcherServlet 'dispatcherServlet'
2023-2월-15 10:06:07 INFO  [http-nio-9090-exec-2] [org.springframework.web.servlet.FrameworkServlet] - Initializing Servlet 'dispatcherServlet'
2023-2월-15 10:06:07 INFO  [http-nio-9090-exec-2] [org.springframework.web.servlet.FrameworkServlet] - Completed initialization in 2 ms
2023-2월-15 10:06:07 WARN  [http-nio-9090-exec-2] [org.springframework.web.servlet.DispatcherServlet] - No mapping for GET /user/exist/id/
2023-2월-15 10:06:09 WARN  [http-nio-9090-exec-3] [org.springframework.web.servlet.DispatcherServlet] - No mapping for GET /user/exist/id/
2023-2월-15 10:06:55 WARN  [http-nio-9090-exec-4] [org.springframework.web.servlet.DispatcherServlet] - No mapping for GET /user/exist/email/
