2023-2월-15 10:08:00 INFO  [restartedMain] [org.springframework.context.support.PostProcessorRegistrationDelegate$BeanPostProcessorChecker] - Bean 'credentialsProvider' of type [com.amazonaws.auth.AWSCredentialsProviderChain] is not eligible for getting processed by all BeanPostProcessors (for example: not eligible for auto-proxying)
2023-2월-15 10:08:00 INFO  [restartedMain] [org.springframework.boot.web.embedded.tomcat.TomcatWebServer] - Tomcat initialized with port(s): 9090 (http)
2023-2월-15 10:08:00 INFO  [restartedMain] [org.apache.juli.logging.DirectJDKLog] - Initializing ProtocolHandler ["http-nio-9090"]
2023-2월-15 10:08:00 INFO  [restartedMain] [org.apache.juli.logging.DirectJDKLog] - Starting service [Tomcat]
2023-2월-15 10:08:00 INFO  [restartedMain] [org.apache.juli.logging.DirectJDKLog] - Starting Servlet engine: [Apache Tomcat/9.0.71]
2023-2월-15 10:08:00 INFO  [restartedMain] [org.apache.juli.logging.DirectJDKLog] - Initializing Spring embedded WebApplicationContext
2023-2월-15 10:08:00 INFO  [restartedMain] [org.springframework.boot.web.servlet.context.ServletWebServerApplicationContext] - Root WebApplicationContext: initialization completed in 2247 ms
2023-2월-15 10:08:00 INFO  [restartedMain] [org.hibernate.jpa.internal.util.LogHelper] - HHH000204: Processing PersistenceUnitInfo [name: default]
2023-2월-15 10:08:00 INFO  [restartedMain] [org.hibernate.Version] - HHH000412: Hibernate ORM core version 5.6.14.Final
2023-2월-15 10:08:01 INFO  [restartedMain] [org.hibernate.annotations.common.reflection.java.JavaReflectionManager] - HCANN000001: Hibernate Commons Annotations {5.1.2.Final}
2023-2월-15 10:08:01 INFO  [restartedMain] [com.zaxxer.hikari.HikariDataSource] - HikariPool-1 - Starting...
2023-2월-15 10:08:01 INFO  [restartedMain] [com.zaxxer.hikari.HikariDataSource] - HikariPool-1 - Start completed.
2023-2월-15 10:08:01 INFO  [restartedMain] [org.hibernate.dialect.Dialect] - HHH000400: Using dialect: org.hibernate.dialect.MySQL8Dialect
2023-2월-15 10:08:02 INFO  [restartedMain] [org.hibernate.engine.transaction.jta.platform.internal.JtaPlatformInitiator] - HHH000490: Using JtaPlatform implementation: [org.hibernate.engine.transaction.jta.platform.internal.NoJtaPlatform]
2023-2월-15 10:08:02 INFO  [restartedMain] [org.springframework.orm.jpa.AbstractEntityManagerFactoryBean] - Initialized JPA EntityManagerFactory for persistence unit 'default'
2023-2월-15 10:08:03 INFO  [restartedMain] [net.bramp.ffmpeg.RunProcessFunction] - /C:/Users/SSAFY/Desktop/workspace/S08P12A101/BE/wedding101/out/production/resources/ffmpeg/bin/ffmpeg.exe -version
2023-2월-15 10:08:04 WARN  [restartedMain] [org.springframework.boot.autoconfigure.orm.jpa.JpaBaseConfiguration$JpaWebConfiguration] - spring.jpa.open-in-view is enabled by default. Therefore, database queries may be performed during view rendering. Explicitly configure spring.jpa.open-in-view to disable this warning
2023-2월-15 10:08:04 INFO  [restartedMain] [org.springframework.security.web.DefaultSecurityFilterChain] - Will secure any request with [org.springframework.security.web.session.DisableEncodeUrlFilter@402f7fee, org.springframework.security.web.context.request.async.WebAsyncManagerIntegrationFilter@3f65b2ed, org.springframework.security.web.context.SecurityContextPersistenceFilter@4dc84724, org.springframework.security.web.header.HeaderWriterFilter@7c847284, org.springframework.web.filter.CorsFilter@4b50975b, org.springframework.security.web.authentication.logout.LogoutFilter@39621246, com.ssafy.wedding101.filter.JwtAuthenticationFilter@5e8a02fd, com.ssafy.wedding101.filter.JwtAuthorizationFilter@973454a, org.springframework.security.web.savedrequest.RequestCacheAwareFilter@15c06025, org.springframework.security.web.servletapi.SecurityContextHolderAwareRequestFilter@4d3efb7d, org.springframework.security.web.authentication.AnonymousAuthenticationFilter@33eb04b2, org.springframework.security.web.session.SessionManagementFilter@6cd936e8, org.springframework.security.web.access.ExceptionTranslationFilter@2691ec7c, org.springframework.security.web.access.intercept.FilterSecurityInterceptor@1f06e217]
2023-2월-15 10:08:04 WARN  [restartedMain] [org.springframework.security.config.annotation.web.builders.WebSecurity] - You are asking Spring Security to ignore Ant [pattern='/swagger-ui/**']. This is not recommended -- please use permitAll via HttpSecurity#authorizeHttpRequests instead.
2023-2월-15 10:08:04 INFO  [restartedMain] [org.springframework.security.web.DefaultSecurityFilterChain] - Will not secure Ant [pattern='/swagger-ui/**']
2023-2월-15 10:08:04 WARN  [restartedMain] [org.springframework.security.config.annotation.web.builders.WebSecurity] - You are asking Spring Security to ignore Ant [pattern='/v3/api-docs/**']. This is not recommended -- please use permitAll via HttpSecurity#authorizeHttpRequests instead.
2023-2월-15 10:08:04 INFO  [restartedMain] [org.springframework.security.web.DefaultSecurityFilterChain] - Will not secure Ant [pattern='/v3/api-docs/**']
2023-2월-15 10:08:04 WARN  [restartedMain] [org.springframework.security.config.annotation.web.builders.WebSecurity] - You are asking Spring Security to ignore org.springframework.boot.autoconfigure.security.servlet.StaticResourceRequest$StaticResourceRequestMatcher@5a21bf68. This is not recommended -- please use permitAll via HttpSecurity#authorizeHttpRequests instead.
2023-2월-15 10:08:04 INFO  [restartedMain] [org.springframework.security.web.DefaultSecurityFilterChain] - Will not secure org.springframework.boot.autoconfigure.security.servlet.StaticResourceRequest$StaticResourceRequestMatcher@5a21bf68
2023-2월-15 10:08:04 INFO  [restartedMain] [org.springframework.boot.devtools.autoconfigure.OptionalLiveReloadServer] - LiveReload server is running on port 35729
2023-2월-15 10:08:04 INFO  [restartedMain] [org.apache.juli.logging.DirectJDKLog] - Starting ProtocolHandler ["http-nio-9090"]
2023-2월-15 10:08:04 INFO  [restartedMain] [org.springframework.boot.web.embedded.tomcat.TomcatWebServer] - Tomcat started on port(s): 9090 (http) with context path ''
2023-2월-15 10:08:05 INFO  [restartedMain] [org.springframework.boot.StartupInfoLogger] - Started Wedding101Application in 7.297 seconds (JVM running for 8.896)
2023-2월-15 10:08:12 INFO  [http-nio-9090-exec-2] [org.apache.juli.logging.DirectJDKLog] - Initializing Spring DispatcherServlet 'dispatcherServlet'
2023-2월-15 10:08:12 INFO  [http-nio-9090-exec-2] [org.springframework.web.servlet.FrameworkServlet] - Initializing Servlet 'dispatcherServlet'
2023-2월-15 10:08:12 INFO  [http-nio-9090-exec-2] [org.springframework.web.servlet.FrameworkServlet] - Completed initialization in 2 ms
2023-2월-15 10:08:12 WARN  [http-nio-9090-exec-2] [org.springframework.web.servlet.DispatcherServlet] - No mapping for GET /user/exist/id/
2023-2월-15 10:08:15 WARN  [http-nio-9090-exec-3] [org.springframework.web.servlet.DispatcherServlet] - No mapping for GET /user/exist/id/
