2023-2월-15 10:41:00 INFO  [restartedMain] [com.zaxxer.hikari.HikariDataSource] - HikariPool-1 - Start completed.
2023-2월-15 10:41:00 INFO  [restartedMain] [org.hibernate.dialect.Dialect] - HHH000400: Using dialect: org.hibernate.dialect.MySQL8Dialect
2023-2월-15 10:41:01 INFO  [restartedMain] [org.hibernate.engine.transaction.jta.platform.internal.JtaPlatformInitiator] - HHH000490: Using JtaPlatform implementation: [org.hibernate.engine.transaction.jta.platform.internal.NoJtaPlatform]
2023-2월-15 10:41:01 INFO  [restartedMain] [org.springframework.orm.jpa.AbstractEntityManagerFactoryBean] - Initialized JPA EntityManagerFactory for persistence unit 'default'
2023-2월-15 10:41:03 INFO  [restartedMain] [net.bramp.ffmpeg.RunProcessFunction] - /C:/Users/SSAFY/Desktop/workspace/S08P12A101/BE/wedding101/out/production/resources/ffmpeg/bin/ffmpeg.exe -version
2023-2월-15 10:41:03 WARN  [restartedMain] [org.springframework.boot.autoconfigure.orm.jpa.JpaBaseConfiguration$JpaWebConfiguration] - spring.jpa.open-in-view is enabled by default. Therefore, database queries may be performed during view rendering. Explicitly configure spring.jpa.open-in-view to disable this warning
2023-2월-15 10:41:03 INFO  [restartedMain] [org.springframework.security.web.DefaultSecurityFilterChain] - Will secure any request with [org.springframework.security.web.session.DisableEncodeUrlFilter@6cf790ac, org.springframework.security.web.context.request.async.WebAsyncManagerIntegrationFilter@5a51a76c, org.springframework.security.web.context.SecurityContextPersistenceFilter@464cff9d, org.springframework.security.web.header.HeaderWriterFilter@72cc8e71, org.springframework.web.filter.CorsFilter@6bd37b8, org.springframework.security.web.authentication.logout.LogoutFilter@22173c15, com.ssafy.wedding101.filter.JwtAuthenticationFilter@70c25a87, com.ssafy.wedding101.filter.JwtAuthorizationFilter@36c12ff5, org.springframework.security.web.savedrequest.RequestCacheAwareFilter@4d5b8897, org.springframework.security.web.servletapi.SecurityContextHolderAwareRequestFilter@2ddce696, org.springframework.security.web.authentication.AnonymousAuthenticationFilter@3b4c006, org.springframework.security.web.session.SessionManagementFilter@7638dc3e, org.springframework.security.web.access.ExceptionTranslationFilter@7da25694, org.springframework.security.web.access.intercept.FilterSecurityInterceptor@60ae44e]
2023-2월-15 10:41:03 WARN  [restartedMain] [org.springframework.security.config.annotation.web.builders.WebSecurity] - You are asking Spring Security to ignore Ant [pattern='/swagger-ui/**']. This is not recommended -- please use permitAll via HttpSecurity#authorizeHttpRequests instead.
2023-2월-15 10:41:03 INFO  [restartedMain] [org.springframework.security.web.DefaultSecurityFilterChain] - Will not secure Ant [pattern='/swagger-ui/**']
2023-2월-15 10:41:03 WARN  [restartedMain] [org.springframework.security.config.annotation.web.builders.WebSecurity] - You are asking Spring Security to ignore Ant [pattern='/v3/api-docs/**']. This is not recommended -- please use permitAll via HttpSecurity#authorizeHttpRequests instead.
2023-2월-15 10:41:03 INFO  [restartedMain] [org.springframework.security.web.DefaultSecurityFilterChain] - Will not secure Ant [pattern='/v3/api-docs/**']
2023-2월-15 10:41:03 WARN  [restartedMain] [org.springframework.security.config.annotation.web.builders.WebSecurity] - You are asking Spring Security to ignore Ant [pattern='/user/exist/id/*']. This is not recommended -- please use permitAll via HttpSecurity#authorizeHttpRequests instead.
2023-2월-15 10:41:03 INFO  [restartedMain] [org.springframework.security.web.DefaultSecurityFilterChain] - Will not secure Ant [pattern='/user/exist/id/*']
2023-2월-15 10:41:03 WARN  [restartedMain] [org.springframework.security.config.annotation.web.builders.WebSecurity] - You are asking Spring Security to ignore org.springframework.boot.autoconfigure.security.servlet.StaticResourceRequest$StaticResourceRequestMatcher@3860e390. This is not recommended -- please use permitAll via HttpSecurity#authorizeHttpRequests instead.
2023-2월-15 10:41:03 INFO  [restartedMain] [org.springframework.security.web.DefaultSecurityFilterChain] - Will not secure org.springframework.boot.autoconfigure.security.servlet.StaticResourceRequest$StaticResourceRequestMatcher@3860e390
2023-2월-15 10:41:04 INFO  [restartedMain] [org.springframework.boot.devtools.autoconfigure.OptionalLiveReloadServer] - LiveReload server is running on port 35729
2023-2월-15 10:41:04 INFO  [restartedMain] [org.apache.juli.logging.DirectJDKLog] - Starting ProtocolHandler ["http-nio-9090"]
2023-2월-15 10:41:04 INFO  [restartedMain] [org.springframework.boot.web.embedded.tomcat.TomcatWebServer] - Tomcat started on port(s): 9090 (http) with context path ''
2023-2월-15 10:41:04 INFO  [restartedMain] [org.springframework.boot.StartupInfoLogger] - Started Wedding101Application in 8.693 seconds (JVM running for 10.151)
2023-2월-15 10:41:06 INFO  [http-nio-9090-exec-2] [org.apache.juli.logging.DirectJDKLog] - Initializing Spring DispatcherServlet 'dispatcherServlet'
2023-2월-15 10:41:06 INFO  [http-nio-9090-exec-2] [org.springframework.web.servlet.FrameworkServlet] - Initializing Servlet 'dispatcherServlet'
2023-2월-15 10:41:06 INFO  [http-nio-9090-exec-2] [org.springframework.web.servlet.FrameworkServlet] - Completed initialization in 2 ms
