2023-2월-09 10:36:07 INFO  [http-nio-9090-exec-1] [org.apache.juli.logging.DirectJDKLog] - Initializing Spring DispatcherServlet 'dispatcherServlet'
2023-2월-09 10:36:07 INFO  [http-nio-9090-exec-1] [org.springframework.web.servlet.FrameworkServlet] - Initializing Servlet 'dispatcherServlet'
2023-2월-09 10:36:07 INFO  [http-nio-9090-exec-1] [org.springframework.web.servlet.FrameworkServlet] - Completed initialization in 0 ms
2023-2월-09 10:36:08 INFO  [http-nio-9090-exec-4] [org.springdoc.api.AbstractOpenApiResource] - Init duration for springdoc-openapi is: 155 ms
2023-2월-09 10:36:12 WARN  [http-nio-9090-exec-5] [org.hibernate.engine.jdbc.spi.SqlExceptionHelper] - SQL Error: 1452, SQLState: 23000
2023-2월-09 10:36:12 ERROR [http-nio-9090-exec-5] [org.hibernate.engine.jdbc.spi.SqlExceptionHelper] - Cannot add or update a child row: a foreign key constraint fails (`wedding101_db`.`tbl_invitation`, CONSTRAINT `FK_tbl_template_TO_tbl_invitation_1` FOREIGN KEY (`template_seq`) REFERENCES `tbl_template` (`template_seq`) ON DELETE SET NULL)
2023-2월-09 10:36:39 INFO  [SpringApplicationShutdownHook] [org.springframework.orm.jpa.AbstractEntityManagerFactoryBean] - Closing JPA EntityManagerFactory for persistence unit 'default'
2023-2월-09 10:36:39 INFO  [SpringApplicationShutdownHook] [com.zaxxer.hikari.HikariDataSource] - HikariPool-1 - Shutdown initiated...
2023-2월-09 10:36:39 INFO  [SpringApplicationShutdownHook] [com.zaxxer.hikari.HikariDataSource] - HikariPool-1 - Shutdown completed.
2023-2월-09 10:36:42 INFO  [background-preinit] [org.hibernate.validator.internal.util.Version] - HV000001: Hibernate Validator 6.2.5.Final
2023-2월-09 10:36:42 INFO  [restartedMain] [org.springframework.boot.StartupInfoLogger] - Starting Wedding101Application using Java 17.0.6 on DESKTOP-DOGVPUB with PID 17772 (C:\Users\SSAFY\Desktop\공통pjt\S08P12A101\BE\wedding101\build\classes\java\main started by SSAFY in C:\Users\SSAFY\Desktop\공통pjt\S08P12A101\BE\wedding101)
2023-2월-09 10:36:42 INFO  [restartedMain] [org.springframework.boot.SpringApplication] - The following 1 profile is active: "db"
2023-2월-09 10:36:42 INFO  [restartedMain] [org.springframework.boot.logging.DeferredLog] - Devtools property defaults active! Set 'spring.devtools.add-properties' to 'false' to disable
2023-2월-09 10:36:42 INFO  [restartedMain] [org.springframework.boot.logging.DeferredLog] - For additional web related logging consider setting the 'logging.level.web' property to 'DEBUG'
2023-2월-09 10:36:43 INFO  [restartedMain] [org.springframework.data.repository.config.RepositoryConfigurationDelegate] - Bootstrapping Spring Data JPA repositories in DEFAULT mode.
2023-2월-09 10:36:43 INFO  [restartedMain] [org.springframework.data.repository.config.RepositoryConfigurationDelegate] - Finished Spring Data repository scanning in 48 ms. Found 5 JPA repository interfaces.
2023-2월-09 10:36:43 INFO  [restartedMain] [org.springframework.boot.web.embedded.tomcat.TomcatWebServer] - Tomcat initialized with port(s): 9090 (http)
2023-2월-09 10:36:43 INFO  [restartedMain] [org.apache.juli.logging.DirectJDKLog] - Initializing ProtocolHandler ["http-nio-9090"]
2023-2월-09 10:36:43 INFO  [restartedMain] [org.apache.juli.logging.DirectJDKLog] - Starting service [Tomcat]
2023-2월-09 10:36:43 INFO  [restartedMain] [org.apache.juli.logging.DirectJDKLog] - Starting Servlet engine: [Apache Tomcat/9.0.71]
2023-2월-09 10:36:43 INFO  [restartedMain] [org.apache.juli.logging.DirectJDKLog] - Initializing Spring embedded WebApplicationContext
2023-2월-09 10:36:43 INFO  [restartedMain] [org.springframework.boot.web.servlet.context.ServletWebServerApplicationContext] - Root WebApplicationContext: initialization completed in 1117 ms
2023-2월-09 10:36:43 INFO  [restartedMain] [org.hibernate.jpa.internal.util.LogHelper] - HHH000204: Processing PersistenceUnitInfo [name: default]
2023-2월-09 10:36:43 INFO  [restartedMain] [org.hibernate.Version] - HHH000412: Hibernate ORM core version 5.6.14.Final
2023-2월-09 10:36:43 INFO  [restartedMain] [org.hibernate.annotations.common.reflection.java.JavaReflectionManager] - HCANN000001: Hibernate Commons Annotations {5.1.2.Final}
2023-2월-09 10:36:43 INFO  [restartedMain] [com.zaxxer.hikari.HikariDataSource] - HikariPool-1 - Starting...
2023-2월-09 10:36:44 INFO  [restartedMain] [com.zaxxer.hikari.HikariDataSource] - HikariPool-1 - Start completed.
2023-2월-09 10:36:44 INFO  [restartedMain] [org.hibernate.dialect.Dialect] - HHH000400: Using dialect: org.hibernate.dialect.MySQL8Dialect
2023-2월-09 10:36:44 INFO  [restartedMain] [org.hibernate.engine.transaction.jta.platform.internal.JtaPlatformInitiator] - HHH000490: Using JtaPlatform implementation: [org.hibernate.engine.transaction.jta.platform.internal.NoJtaPlatform]
2023-2월-09 10:36:44 INFO  [restartedMain] [org.springframework.orm.jpa.AbstractEntityManagerFactoryBean] - Initialized JPA EntityManagerFactory for persistence unit 'default'
2023-2월-09 10:36:45 WARN  [restartedMain] [org.springframework.boot.autoconfigure.orm.jpa.JpaBaseConfiguration$JpaWebConfiguration] - spring.jpa.open-in-view is enabled by default. Therefore, database queries may be performed during view rendering. Explicitly configure spring.jpa.open-in-view to disable this warning
2023-2월-09 10:36:45 INFO  [restartedMain] [org.springframework.boot.autoconfigure.web.servlet.WelcomePageHandlerMapping] - Adding welcome page: class path resource [static/index.html]
2023-2월-09 10:36:46 INFO  [restartedMain] [org.springframework.boot.devtools.autoconfigure.OptionalLiveReloadServer] - LiveReload server is running on port 35729
2023-2월-09 10:36:46 INFO  [restartedMain] [org.apache.juli.logging.DirectJDKLog] - Starting ProtocolHandler ["http-nio-9090"]
2023-2월-09 10:36:46 INFO  [restartedMain] [org.springframework.boot.web.embedded.tomcat.TomcatWebServer] - Tomcat started on port(s): 9090 (http) with context path ''
2023-2월-09 10:36:46 INFO  [restartedMain] [org.springframework.boot.StartupInfoLogger] - Started Wedding101Application in 3.938 seconds (JVM running for 4.608)
2023-2월-09 10:36:54 INFO  [http-nio-9090-exec-1] [org.apache.juli.logging.DirectJDKLog] - Initializing Spring DispatcherServlet 'dispatcherServlet'
2023-2월-09 10:36:54 INFO  [http-nio-9090-exec-1] [org.springframework.web.servlet.FrameworkServlet] - Initializing Servlet 'dispatcherServlet'
2023-2월-09 10:36:54 INFO  [http-nio-9090-exec-1] [org.springframework.web.servlet.FrameworkServlet] - Completed initialization in 1 ms
2023-2월-09 10:36:55 INFO  [http-nio-9090-exec-3] [org.springdoc.api.AbstractOpenApiResource] - Init duration for springdoc-openapi is: 164 ms
2023-2월-09 10:36:59 WARN  [http-nio-9090-exec-5] [org.hibernate.engine.jdbc.spi.SqlExceptionHelper] - SQL Error: 1452, SQLState: 23000
2023-2월-09 10:36:59 ERROR [http-nio-9090-exec-5] [org.hibernate.engine.jdbc.spi.SqlExceptionHelper] - Cannot add or update a child row: a foreign key constraint fails (`wedding101_db`.`tbl_invitation`, CONSTRAINT `FK_tbl_template_TO_tbl_invitation_1` FOREIGN KEY (`template_seq`) REFERENCES `tbl_template` (`template_seq`) ON DELETE SET NULL)
