2023-2월-06 13:55:55 INFO  [SpringApplicationShutdownHook] [org.springframework.orm.jpa.AbstractEntityManagerFactoryBean] - Closing JPA EntityManagerFactory for persistence unit 'default'
2023-2월-06 13:55:55 INFO  [SpringApplicationShutdownHook] [com.zaxxer.hikari.HikariDataSource] - HikariPool-1 - Shutdown initiated...
2023-2월-06 13:55:55 INFO  [SpringApplicationShutdownHook] [com.zaxxer.hikari.HikariDataSource] - HikariPool-1 - Shutdown completed.
2023-2월-06 13:55:58 INFO  [background-preinit] [org.hibernate.validator.internal.util.Version] - HV000001: Hibernate Validator 6.2.5.Final
2023-2월-06 13:55:58 INFO  [restartedMain] [org.springframework.boot.StartupInfoLogger] - Starting Wedding101Application using Java 11.0.18 on DESKTOP-DOGVPUB with PID 20056 (C:\Users\SSAFY\Desktop\공통 pjt\S08P12A101\BE\wedding101\build\classes\java\main started by SSAFY in C:\Users\SSAFY\Desktop\공통 pjt\S08P12A101\BE\wedding101)
2023-2월-06 13:55:58 INFO  [restartedMain] [org.springframework.boot.SpringApplication] - The following 1 profile is active: "db"
2023-2월-06 13:55:58 INFO  [restartedMain] [org.springframework.boot.logging.DeferredLog] - Devtools property defaults active! Set 'spring.devtools.add-properties' to 'false' to disable
2023-2월-06 13:55:58 INFO  [restartedMain] [org.springframework.boot.logging.DeferredLog] - For additional web related logging consider setting the 'logging.level.web' property to 'DEBUG'
2023-2월-06 13:55:59 INFO  [restartedMain] [org.springframework.data.repository.config.RepositoryConfigurationDelegate] - Bootstrapping Spring Data JPA repositories in DEFAULT mode.
2023-2월-06 13:55:59 INFO  [restartedMain] [org.springframework.data.repository.config.RepositoryConfigurationDelegate] - Finished Spring Data repository scanning in 48 ms. Found 5 JPA repository interfaces.
2023-2월-06 13:55:59 INFO  [restartedMain] [org.springframework.boot.web.embedded.tomcat.TomcatWebServer] - Tomcat initialized with port(s): 8080 (http)
2023-2월-06 13:55:59 INFO  [restartedMain] [org.apache.juli.logging.DirectJDKLog] - Initializing ProtocolHandler ["http-nio-8080"]
2023-2월-06 13:55:59 INFO  [restartedMain] [org.apache.juli.logging.DirectJDKLog] - Starting service [Tomcat]
2023-2월-06 13:55:59 INFO  [restartedMain] [org.apache.juli.logging.DirectJDKLog] - Starting Servlet engine: [Apache Tomcat/9.0.71]
2023-2월-06 13:55:59 INFO  [restartedMain] [org.apache.juli.logging.DirectJDKLog] - Initializing Spring embedded WebApplicationContext
2023-2월-06 13:55:59 INFO  [restartedMain] [org.springframework.boot.web.servlet.context.ServletWebServerApplicationContext] - Root WebApplicationContext: initialization completed in 1048 ms
2023-2월-06 13:55:59 INFO  [restartedMain] [org.hibernate.jpa.internal.util.LogHelper] - HHH000204: Processing PersistenceUnitInfo [name: default]
2023-2월-06 13:55:59 INFO  [restartedMain] [org.hibernate.Version] - HHH000412: Hibernate ORM core version 5.6.14.Final
2023-2월-06 13:55:59 INFO  [restartedMain] [org.hibernate.annotations.common.reflection.java.JavaReflectionManager] - HCANN000001: Hibernate Commons Annotations {5.1.2.Final}
2023-2월-06 13:55:59 INFO  [restartedMain] [com.zaxxer.hikari.HikariDataSource] - HikariPool-1 - Starting...
