2023-2월-10 12:47:00 INFO  [restartedMain] [org.springframework.data.repository.config.RepositoryConfigurationDelegate] - Bootstrapping Spring Data JPA repositories in DEFAULT mode.
2023-2월-10 12:47:00 INFO  [restartedMain] [org.springframework.data.repository.config.RepositoryConfigurationDelegate] - Finished Spring Data repository scanning in 88 ms. Found 6 JPA repository interfaces.
2023-2월-10 12:47:01 INFO  [restartedMain] [org.springframework.boot.web.embedded.tomcat.TomcatWebServer] - Tomcat initialized with port(s): 9090 (http)
2023-2월-10 12:47:01 INFO  [restartedMain] [org.apache.juli.logging.DirectJDKLog] - Initializing ProtocolHandler ["http-nio-9090"]
2023-2월-10 12:47:01 INFO  [restartedMain] [org.apache.juli.logging.DirectJDKLog] - Starting service [Tomcat]
2023-2월-10 12:47:01 INFO  [restartedMain] [org.apache.juli.logging.DirectJDKLog] - Starting Servlet engine: [Apache Tomcat/9.0.71]
2023-2월-10 12:47:01 INFO  [restartedMain] [org.apache.juli.logging.DirectJDKLog] - Initializing Spring embedded WebApplicationContext
2023-2월-10 12:47:01 INFO  [restartedMain] [org.springframework.boot.web.servlet.context.ServletWebServerApplicationContext] - Root WebApplicationContext: initialization completed in 2014 ms
2023-2월-10 12:47:01 INFO  [restartedMain] [org.hibernate.jpa.internal.util.LogHelper] - HHH000204: Processing PersistenceUnitInfo [name: default]
2023-2월-10 12:47:01 INFO  [restartedMain] [org.hibernate.Version] - HHH000412: Hibernate ORM core version 5.6.14.Final
2023-2월-10 12:47:02 INFO  [restartedMain] [org.hibernate.annotations.common.reflection.java.JavaReflectionManager] - HCANN000001: Hibernate Commons Annotations {5.1.2.Final}
2023-2월-10 12:47:02 INFO  [restartedMain] [com.zaxxer.hikari.HikariDataSource] - HikariPool-1 - Starting...
2023-2월-10 12:47:03 INFO  [restartedMain] [com.zaxxer.hikari.HikariDataSource] - HikariPool-1 - Start completed.
2023-2월-10 12:47:03 INFO  [restartedMain] [org.hibernate.dialect.Dialect] - HHH000400: Using dialect: org.hibernate.dialect.MySQL8Dialect
2023-2월-10 12:47:04 INFO  [restartedMain] [org.hibernate.engine.transaction.jta.platform.internal.JtaPlatformInitiator] - HHH000490: Using JtaPlatform implementation: [org.hibernate.engine.transaction.jta.platform.internal.NoJtaPlatform]
2023-2월-10 12:47:04 INFO  [restartedMain] [org.springframework.orm.jpa.AbstractEntityManagerFactoryBean] - Initialized JPA EntityManagerFactory for persistence unit 'default'
2023-2월-10 12:47:04 WARN  [restartedMain] [org.springframework.context.support.AbstractApplicationContext] - Exception encountered during context initialization - cancelling refresh attempt: org.springframework.beans.factory.BeanCreationException: Error creating bean with name 'FFmpegConfig': Injection of autowired dependencies failed; nested exception is java.lang.IllegalArgumentException: Could not resolve placeholder 'ffprobe.exe.location' in value "${ffprobe.exe.location}"
2023-2월-10 12:47:04 INFO  [restartedMain] [org.springframework.orm.jpa.AbstractEntityManagerFactoryBean] - Closing JPA EntityManagerFactory for persistence unit 'default'
2023-2월-10 12:47:04 INFO  [restartedMain] [com.zaxxer.hikari.HikariDataSource] - HikariPool-1 - Shutdown initiated...
2023-2월-10 12:47:04 INFO  [restartedMain] [com.zaxxer.hikari.HikariDataSource] - HikariPool-1 - Shutdown completed.
2023-2월-10 12:47:04 INFO  [restartedMain] [org.apache.juli.logging.DirectJDKLog] - Stopping service [Tomcat]
2023-2월-10 12:47:04 INFO  [restartedMain] [org.springframework.boot.autoconfigure.logging.ConditionEvaluationReportLoggingListener] - 

Error starting ApplicationContext. To display the conditions report re-run your application with 'debug' enabled.
2023-2월-10 12:47:04 ERROR [restartedMain] [org.springframework.boot.SpringApplication] - Application run failed
org.springframework.beans.factory.BeanCreationException: Error creating bean with name 'FFmpegConfig': Injection of autowired dependencies failed; nested exception is java.lang.IllegalArgumentException: Could not resolve placeholder 'ffprobe.exe.location' in value "${ffprobe.exe.location}"
	at org.springframework.beans.factory.annotation.AutowiredAnnotationBeanPostProcessor.postProcessProperties(AutowiredAnnotationBeanPostProcessor.java:405) ~[spring-beans-5.3.25.jar:5.3.25]
	at org.springframework.beans.factory.support.AbstractAutowireCapableBeanFactory.populateBean(AbstractAutowireCapableBeanFactory.java:1431) ~[spring-beans-5.3.25.jar:5.3.25]
	at org.springframework.beans.factory.support.AbstractAutowireCapableBeanFactory.doCreateBean(AbstractAutowireCapableBeanFactory.java:619) ~[spring-beans-5.3.25.jar:5.3.25]
	at org.springframework.beans.factory.support.AbstractAutowireCapableBeanFactory.createBean(AbstractAutowireCapableBeanFactory.java:542) ~[spring-beans-5.3.25.jar:5.3.25]
	at org.springframework.beans.factory.support.AbstractBeanFactory.lambda$doGetBean$0(AbstractBeanFactory.java:335) ~[spring-beans-5.3.25.jar:5.3.25]
	at org.springframework.beans.factory.support.DefaultSingletonBeanRegistry.getSingleton(DefaultSingletonBeanRegistry.java:234) ~[spring-beans-5.3.25.jar:5.3.25]
	at org.springframework.beans.factory.support.AbstractBeanFactory.doGetBean(AbstractBeanFactory.java:333) ~[spring-beans-5.3.25.jar:5.3.25]
	at org.springframework.beans.factory.support.AbstractBeanFactory.getBean(AbstractBeanFactory.java:208) ~[spring-beans-5.3.25.jar:5.3.25]
	at org.springframework.beans.factory.support.DefaultListableBeanFactory.preInstantiateSingletons(DefaultListableBeanFactory.java:955) ~[spring-beans-5.3.25.jar:5.3.25]
	at org.springframework.context.support.AbstractApplicationContext.finishBeanFactoryInitialization(AbstractApplicationContext.java:918) ~[spring-context-5.3.25.jar:5.3.25]
	at org.springframework.context.support.AbstractApplicationContext.refresh(AbstractApplicationContext.java:583) ~[spring-context-5.3.25.jar:5.3.25]
	at org.springframework.boot.web.servlet.context.ServletWebServerApplicationContext.refresh(ServletWebServerApplicationContext.java:147) ~[spring-boot-2.7.8.jar:2.7.8]
	at org.springframework.boot.SpringApplication.refresh(SpringApplication.java:731) ~[spring-boot-2.7.8.jar:2.7.8]
	at org.springframework.boot.SpringApplication.refreshContext(SpringApplication.java:408) ~[spring-boot-2.7.8.jar:2.7.8]
	at org.springframework.boot.SpringApplication.run(SpringApplication.java:307) ~[spring-boot-2.7.8.jar:2.7.8]
	at org.springframework.boot.SpringApplication.run(SpringApplication.java:1303) ~[spring-boot-2.7.8.jar:2.7.8]
	at org.springframework.boot.SpringApplication.run(SpringApplication.java:1292) ~[spring-boot-2.7.8.jar:2.7.8]
	at com.ssafy.wedding101.Wedding101Application.main(Wedding101Application.java:14) ~[classes/:?]
	at jdk.internal.reflect.NativeMethodAccessorImpl.invoke0(Native Method) ~[?:?]
	at jdk.internal.reflect.NativeMethodAccessorImpl.invoke(NativeMethodAccessorImpl.java:77) ~[?:?]
	at jdk.internal.reflect.DelegatingMethodAccessorImpl.invoke(DelegatingMethodAccessorImpl.java:43) ~[?:?]
	at java.lang.reflect.Method.invoke(Method.java:568) ~[?:?]
	at org.springframework.boot.devtools.restart.RestartLauncher.run(RestartLauncher.java:49) ~[spring-boot-devtools-2.7.8.jar:2.7.8]
Caused by: java.lang.IllegalArgumentException: Could not resolve placeholder 'ffprobe.exe.location' in value "${ffprobe.exe.location}"
	at org.springframework.util.PropertyPlaceholderHelper.parseStringValue(PropertyPlaceholderHelper.java:180) ~[spring-core-5.3.25.jar:5.3.25]
	at org.springframework.util.PropertyPlaceholderHelper.replacePlaceholders(PropertyPlaceholderHelper.java:126) ~[spring-core-5.3.25.jar:5.3.25]
	at org.springframework.core.env.AbstractPropertyResolver.doResolvePlaceholders(AbstractPropertyResolver.java:239) ~[spring-core-5.3.25.jar:5.3.25]
	at org.springframework.core.env.AbstractPropertyResolver.resolveRequiredPlaceholders(AbstractPropertyResolver.java:210) ~[spring-core-5.3.25.jar:5.3.25]
	at org.springframework.context.support.PropertySourcesPlaceholderConfigurer.lambda$processProperties$0(PropertySourcesPlaceholderConfigurer.java:191) ~[spring-context-5.3.25.jar:5.3.25]
	at org.springframework.beans.factory.support.AbstractBeanFactory.resolveEmbeddedValue(AbstractBeanFactory.java:936) ~[spring-beans-5.3.25.jar:5.3.25]
	at org.springframework.beans.factory.support.DefaultListableBeanFactory.doResolveDependency(DefaultListableBeanFactory.java:1332) ~[spring-beans-5.3.25.jar:5.3.25]
	at org.springframework.beans.factory.support.DefaultListableBeanFactory.resolveDependency(DefaultListableBeanFactory.java:1311) ~[spring-beans-5.3.25.jar:5.3.25]
	at org.springframework.beans.factory.annotation.AutowiredAnnotationBeanPostProcessor$AutowiredFieldElement.resolveFieldValue(AutowiredAnnotationBeanPostProcessor.java:657) ~[spring-beans-5.3.25.jar:5.3.25]
	at org.springframework.beans.factory.annotation.AutowiredAnnotationBeanPostProcessor$AutowiredFieldElement.inject(AutowiredAnnotationBeanPostProcessor.java:640) ~[spring-beans-5.3.25.jar:5.3.25]
	at org.springframework.beans.factory.annotation.InjectionMetadata.inject(InjectionMetadata.java:119) ~[spring-beans-5.3.25.jar:5.3.25]
	at org.springframework.beans.factory.annotation.AutowiredAnnotationBeanPostProcessor.postProcessProperties(AutowiredAnnotationBeanPostProcessor.java:399) ~[spring-beans-5.3.25.jar:5.3.25]
	... 22 more
