2023-2월-15 10:16:00 INFO  [restartedMain] [org.springframework.data.repository.config.RepositoryConfigurationDelegate] - Bootstrapping Spring Data JPA repositories in DEFAULT mode.
2023-2월-15 10:16:00 INFO  [restartedMain] [org.springframework.data.repository.config.RepositoryConfigurationDelegate] - Finished Spring Data repository scanning in 119 ms. Found 9 JPA repository interfaces.
2023-2월-15 10:16:00 INFO  [restartedMain] [org.springframework.context.support.PostProcessorRegistrationDelegate$BeanPostProcessorChecker] - Bean 'credentialsProvider' of type [com.amazonaws.auth.AWSCredentialsProviderChain] is not eligible for getting processed by all BeanPostProcessors (for example: not eligible for auto-proxying)
2023-2월-15 10:16:01 INFO  [restartedMain] [org.springframework.boot.web.embedded.tomcat.TomcatWebServer] - Tomcat initialized with port(s): 9090 (http)
2023-2월-15 10:16:01 INFO  [restartedMain] [org.apache.juli.logging.DirectJDKLog] - Initializing ProtocolHandler ["http-nio-9090"]
2023-2월-15 10:16:01 INFO  [restartedMain] [org.apache.juli.logging.DirectJDKLog] - Starting service [Tomcat]
2023-2월-15 10:16:01 INFO  [restartedMain] [org.apache.juli.logging.DirectJDKLog] - Starting Servlet engine: [Apache Tomcat/9.0.71]
2023-2월-15 10:16:01 INFO  [restartedMain] [org.apache.juli.logging.DirectJDKLog] - Initializing Spring embedded WebApplicationContext
2023-2월-15 10:16:01 INFO  [restartedMain] [org.springframework.boot.web.servlet.context.ServletWebServerApplicationContext] - Root WebApplicationContext: initialization completed in 2459 ms
2023-2월-15 10:16:01 INFO  [restartedMain] [org.hibernate.jpa.internal.util.LogHelper] - HHH000204: Processing PersistenceUnitInfo [name: default]
2023-2월-15 10:16:01 INFO  [restartedMain] [org.hibernate.Version] - HHH000412: Hibernate ORM core version 5.6.14.Final
2023-2월-15 10:16:01 INFO  [restartedMain] [org.hibernate.annotations.common.reflection.java.JavaReflectionManager] - HCANN000001: Hibernate Commons Annotations {5.1.2.Final}
2023-2월-15 10:16:02 INFO  [restartedMain] [com.zaxxer.hikari.HikariDataSource] - HikariPool-1 - Starting...
2023-2월-15 10:16:02 INFO  [restartedMain] [com.zaxxer.hikari.HikariDataSource] - HikariPool-1 - Start completed.
2023-2월-15 10:16:02 INFO  [restartedMain] [org.hibernate.dialect.Dialect] - HHH000400: Using dialect: org.hibernate.dialect.MySQL8Dialect
2023-2월-15 10:16:03 INFO  [restartedMain] [org.hibernate.engine.transaction.jta.platform.internal.JtaPlatformInitiator] - HHH000490: Using JtaPlatform implementation: [org.hibernate.engine.transaction.jta.platform.internal.NoJtaPlatform]
2023-2월-15 10:16:03 INFO  [restartedMain] [org.springframework.orm.jpa.AbstractEntityManagerFactoryBean] - Initialized JPA EntityManagerFactory for persistence unit 'default'
2023-2월-15 10:16:05 INFO  [restartedMain] [net.bramp.ffmpeg.RunProcessFunction] - /C:/Users/SSAFY/Desktop/workspace/S08P12A101/BE/wedding101/out/production/resources/ffmpeg/bin/ffmpeg.exe -version
2023-2월-15 10:16:05 WARN  [restartedMain] [org.springframework.boot.autoconfigure.orm.jpa.JpaBaseConfiguration$JpaWebConfiguration] - spring.jpa.open-in-view is enabled by default. Therefore, database queries may be performed during view rendering. Explicitly configure spring.jpa.open-in-view to disable this warning
2023-2월-15 10:16:05 INFO  [restartedMain] [org.springframework.security.web.DefaultSecurityFilterChain] - Will secure any request with [org.springframework.security.web.session.DisableEncodeUrlFilter@ae8ccaa, org.springframework.security.web.context.request.async.WebAsyncManagerIntegrationFilter@273231b8, org.springframework.security.web.context.SecurityContextPersistenceFilter@5a863b4d, org.springframework.security.web.header.HeaderWriterFilter@73c3d700, org.springframework.web.filter.CorsFilter@459c18a7, org.springframework.security.web.authentication.logout.LogoutFilter@2ddce696, com.ssafy.wedding101.filter.JwtAuthenticationFilter@634c3b2b, com.ssafy.wedding101.filter.JwtAuthorizationFilter@4921d459, org.springframework.security.web.savedrequest.RequestCacheAwareFilter@4fbc58a4, org.springframework.security.web.servletapi.SecurityContextHolderAwareRequestFilter@3f30d4fb, org.springframework.security.web.authentication.AnonymousAuthenticationFilter@1e089a80, org.springframework.security.web.session.SessionManagementFilter@2593175a, org.springframework.security.web.access.ExceptionTranslationFilter@e143bc2, org.springframework.security.web.access.intercept.FilterSecurityInterceptor@4f3d522b]
2023-2월-15 10:16:05 WARN  [restartedMain] [org.springframework.security.config.annotation.web.builders.WebSecurity] - You are asking Spring Security to ignore Ant [pattern='/swagger-ui/**']. This is not recommended -- please use permitAll via HttpSecurity#authorizeHttpRequests instead.
2023-2월-15 10:16:05 INFO  [restartedMain] [org.springframework.security.web.DefaultSecurityFilterChain] - Will not secure Ant [pattern='/swagger-ui/**']
2023-2월-15 10:16:05 WARN  [restartedMain] [org.springframework.security.config.annotation.web.builders.WebSecurity] - You are asking Spring Security to ignore Ant [pattern='/v3/api-docs/**']. This is not recommended -- please use permitAll via HttpSecurity#authorizeHttpRequests instead.
2023-2월-15 10:16:05 INFO  [restartedMain] [org.springframework.security.web.DefaultSecurityFilterChain] - Will not secure Ant [pattern='/v3/api-docs/**']
2023-2월-15 10:16:05 WARN  [restartedMain] [org.springframework.security.config.annotation.web.builders.WebSecurity] - You are asking Spring Security to ignore org.springframework.boot.autoconfigure.security.servlet.StaticResourceRequest$StaticResourceRequestMatcher@87a3cea. This is not recommended -- please use permitAll via HttpSecurity#authorizeHttpRequests instead.
2023-2월-15 10:16:05 INFO  [restartedMain] [org.springframework.security.web.DefaultSecurityFilterChain] - Will not secure org.springframework.boot.autoconfigure.security.servlet.StaticResourceRequest$StaticResourceRequestMatcher@87a3cea
2023-2월-15 10:16:06 INFO  [restartedMain] [org.springframework.boot.devtools.autoconfigure.OptionalLiveReloadServer] - LiveReload server is running on port 35729
2023-2월-15 10:16:06 INFO  [restartedMain] [org.apache.juli.logging.DirectJDKLog] - Starting ProtocolHandler ["http-nio-9090"]
2023-2월-15 10:16:06 INFO  [restartedMain] [org.springframework.boot.web.embedded.tomcat.TomcatWebServer] - Tomcat started on port(s): 9090 (http) with context path ''
2023-2월-15 10:16:06 INFO  [restartedMain] [org.springframework.boot.StartupInfoLogger] - Started Wedding101Application in 8.271 seconds (JVM running for 9.745)
2023-2월-15 10:16:08 INFO  [http-nio-9090-exec-2] [org.apache.juli.logging.DirectJDKLog] - Initializing Spring DispatcherServlet 'dispatcherServlet'
2023-2월-15 10:16:08 INFO  [http-nio-9090-exec-2] [org.springframework.web.servlet.FrameworkServlet] - Initializing Servlet 'dispatcherServlet'
2023-2월-15 10:16:08 INFO  [http-nio-9090-exec-2] [org.springframework.web.servlet.FrameworkServlet] - Completed initialization in 1 ms
2023-2월-15 10:16:08 WARN  [http-nio-9090-exec-2] [org.springframework.web.servlet.DispatcherServlet] - No mapping for GET /user/exist/id/
2023-2월-15 10:16:40 WARN  [http-nio-9090-exec-3] [org.springframework.web.servlet.DispatcherServlet] - No mapping for GET /user/exist/id/
